<?xml version="1.0" encoding="UTF-8"?>
<testsuite xmlns:xsi="http://www.w3.org/2001/XMLSchema-instance" xsi:noNamespaceSchemaLocation="https://maven.apache.org/surefire/maven-surefire-plugin/xsd/surefire-test-report.xsd" name="com.example.ProdutoTest" time="0" tests="3" errors="0" skipped="0" failures="0">
  <properties>
    <property name="java.specification.version" value="17"/>
    <property name="sun.jnu.encoding" value="UTF-8"/>
    <property name="java.class.path" value="/home/luclopesr/Documentos/UnB_Pastas/2024.1/TPPE/FGA0242_TP_TDD_CAIO_LUCAS/demo/target/test-classes:/home/luclopesr/Documentos/UnB_Pastas/2024.1/TPPE/FGA0242_TP_TDD_CAIO_LUCAS/demo/target/classes:/home/luclopesr/.m2/repository/junit/junit/4.11/junit-4.11.jar:/home/luclopesr/.m2/repository/org/hamcrest/hamcrest-core/1.3/hamcrest-core-1.3.jar:"/>
    <property name="java.vm.vendor" value="Ubuntu"/>
    <property name="sun.arch.data.model" value="64"/>
    <property name="java.vendor.url" value="https://ubuntu.com/"/>
    <property name="os.name" value="Linux"/>
    <property name="java.vm.specification.version" value="17"/>
    <property name="sun.java.launcher" value="SUN_STANDARD"/>
    <property name="user.country" value="BR"/>
    <property name="sun.boot.library.path" value="/usr/lib/jvm/java-17-openjdk-amd64/lib"/>
    <property name="sun.java.command" value="/home/luclopesr/Documentos/UnB_Pastas/2024.1/TPPE/FGA0242_TP_TDD_CAIO_LUCAS/demo/target/surefire/surefirebooter9661506658436162419.jar /home/luclopesr/Documentos/UnB_Pastas/2024.1/TPPE/FGA0242_TP_TDD_CAIO_LUCAS/demo/target/surefire 2024-07-01T21-15-24_255-jvmRun1 surefire16191333106316509195tmp surefire_018028065550228676073tmp"/>
    <property name="jdk.debug" value="release"/>
    <property name="surefire.test.class.path" value="/home/luclopesr/Documentos/UnB_Pastas/2024.1/TPPE/FGA0242_TP_TDD_CAIO_LUCAS/demo/target/test-classes:/home/luclopesr/Documentos/UnB_Pastas/2024.1/TPPE/FGA0242_TP_TDD_CAIO_LUCAS/demo/target/classes:/home/luclopesr/.m2/repository/junit/junit/4.11/junit-4.11.jar:/home/luclopesr/.m2/repository/org/hamcrest/hamcrest-core/1.3/hamcrest-core-1.3.jar:"/>
    <property name="sun.cpu.endian" value="little"/>
    <property name="user.home" value="/home/luclopesr"/>
    <property name="user.language" value="pt"/>
    <property name="java.specification.vendor" value="Oracle Corporation"/>
    <property name="java.version.date" value="2024-04-16"/>
    <property name="java.home" value="/usr/lib/jvm/java-17-openjdk-amd64"/>
    <property name="file.separator" value="/"/>
    <property name="basedir" value="/home/luclopesr/Documentos/UnB_Pastas/2024.1/TPPE/FGA0242_TP_TDD_CAIO_LUCAS/demo"/>
    <property name="java.vm.compressedOopsMode" value="32-bit"/>
    <property name="line.separator" value="&#10;"/>
    <property name="java.vm.specification.vendor" value="Oracle Corporation"/>
    <property name="java.specification.name" value="Java Platform API Specification"/>
    <property name="surefire.real.class.path" value="/home/luclopesr/Documentos/UnB_Pastas/2024.1/TPPE/FGA0242_TP_TDD_CAIO_LUCAS/demo/target/surefire/surefirebooter9661506658436162419.jar"/>
    <property name="sun.management.compiler" value="HotSpot 64-Bit Tiered Compilers"/>
    <property name="java.runtime.version" value="17.0.11+9-Ubuntu-122.04.1"/>
    <property name="user.name" value="luclopesr"/>
    <property name="path.separator" value=":"/>
    <property name="os.version" value="5.15.0-112-generic"/>
    <property name="java.runtime.name" value="OpenJDK Runtime Environment"/>
    <property name="file.encoding" value="UTF-8"/>
    <property name="java.vm.name" value="OpenJDK 64-Bit Server VM"/>
    <property name="localRepository" value="/home/luclopesr/.m2/repository"/>
    <property name="java.vendor.url.bug" value="https://bugs.launchpad.net/ubuntu/+source/openjdk-17"/>
    <property name="java.io.tmpdir" value="/tmp"/>
    <property name="java.version" value="17.0.11"/>
    <property name="user.dir" value="/home/luclopesr/Documentos/UnB_Pastas/2024.1/TPPE/FGA0242_TP_TDD_CAIO_LUCAS/demo"/>
    <property name="os.arch" value="amd64"/>
    <property name="java.vm.specification.name" value="Java Virtual Machine Specification"/>
    <property name="native.encoding" value="UTF-8"/>
    <property name="java.library.path" value="/usr/java/packages/lib:/usr/lib/x86_64-linux-gnu/jni:/lib/x86_64-linux-gnu:/usr/lib/x86_64-linux-gnu:/usr/lib/jni:/lib:/usr/lib"/>
    <property name="java.vm.info" value="mixed mode, sharing"/>
    <property name="java.vendor" value="Ubuntu"/>
    <property name="java.vm.version" value="17.0.11+9-Ubuntu-122.04.1"/>
    <property name="sun.io.unicode.encoding" value="UnicodeLittle"/>
    <property name="java.class.version" value="61.0"/>
  </properties>
  <testcase name="testCadastroProduto[0]" classname="com.example.ProdutoTest" time="0"/>
  <testcase name="testCadastroProduto[1]" classname="com.example.ProdutoTest" time="0"/>
  <testcase name="testCadastroProduto[2]" classname="com.example.ProdutoTest" time="0"/>
</testsuite>